{"/home/umairnadeem/Documents/personal-projects/react-line-graph/src/components/_helpers/stats.js": {"path":"/home/umairnadeem/Documents/personal-projects/react-line-graph/src/components/_helpers/stats.js","statementMap":{"0":{"start":{"line":1,"column":22},"end":{"line":8,"column":1}},"1":{"start":{"line":2,"column":15},"end":{"line":2,"column":75}},"2":{"start":{"line":2,"column":43},"end":{"line":2,"column":57}},"3":{"start":{"line":3,"column":15},"end":{"line":6,"column":17}},"4":{"start":{"line":4,"column":25},"end":{"line":4,"column":60}},"5":{"start":{"line":7,"column":2},"end":{"line":7,"column":36}},"6":{"start":{"line":10,"column":28},"end":{"line":18,"column":12}},"7":{"start":{"line":10,"column":38},"end":{"line":18,"column":12}},"8":{"start":{"line":13,"column":17},"end":{"line":13,"column":25}},"9":{"start":{"line":14,"column":17},"end":{"line":14,"column":54}},"10":{"start":{"line":15,"column":6},"end":{"line":15,"column":29}}},"fnMap":{"0":{"name":"(anonymous_0)","decl":{"start":{"line":1,"column":22},"end":{"line":1,"column":23}},"loc":{"start":{"line":1,"column":32},"end":{"line":8,"column":1}},"line":1},"1":{"name":"(anonymous_1)","decl":{"start":{"line":2,"column":27},"end":{"line":2,"column":28}},"loc":{"start":{"line":2,"column":43},"end":{"line":2,"column":57}},"line":2},"2":{"name":"(anonymous_2)","decl":{"start":{"line":4,"column":4},"end":{"line":4,"column":5}},"loc":{"start":{"line":4,"column":25},"end":{"line":4,"column":60}},"line":4},"3":{"name":"(anonymous_3)","decl":{"start":{"line":10,"column":28},"end":{"line":10,"column":29}},"loc":{"start":{"line":10,"column":38},"end":{"line":18,"column":12}},"line":10},"4":{"name":"(anonymous_4)","decl":{"start":{"line":12,"column":4},"end":{"line":12,"column":5}},"loc":{"start":{"line":12,"column":33},"end":{"line":16,"column":5}},"line":12}},"branchMap":{"0":{"loc":{"start":{"line":14,"column":17},"end":{"line":14,"column":54}},"type":"cond-expr","locations":[{"start":{"line":14,"column":33},"end":{"line":14,"column":49}},{"start":{"line":14,"column":52},"end":{"line":14,"column":54}}],"line":14}},"s":{"0":1,"1":0,"2":0,"3":0,"4":0,"5":0,"6":1,"7":0,"8":0,"9":0,"10":0},"f":{"0":0,"1":0,"2":0,"3":0,"4":0},"b":{"0":[0,0]},"_coverageSchema":"43e27e138ebf9cfc5966b082cf9a028302ed4184","hash":"4236733210b144d1563cfa714d8e2dea45e77de1"}
,"/home/umairnadeem/Documents/personal-projects/react-line-graph/src/components/_services/findCtrlPoint.js": {"path":"/home/umairnadeem/Documents/personal-projects/react-line-graph/src/components/_services/findCtrlPoint.js","statementMap":{"0":{"start":{"line":7,"column":29},"end":{"line":30,"column":1}},"1":{"start":{"line":8,"column":17},"end":{"line":10,"column":33}},"2":{"start":{"line":9,"column":23},"end":{"line":9,"column":28}},"3":{"start":{"line":10,"column":20},"end":{"line":10,"column":32}},"4":{"start":{"line":13,"column":21},"end":{"line":13,"column":30}},"5":{"start":{"line":14,"column":19},"end":{"line":14,"column":56}},"6":{"start":{"line":15,"column":19},"end":{"line":15,"column":44}},"7":{"start":{"line":18,"column":18},"end":{"line":18,"column":47}},"8":{"start":{"line":21,"column":20},"end":{"line":21,"column":58}},"9":{"start":{"line":24,"column":20},"end":{"line":24,"column":40}},"10":{"start":{"line":25,"column":15},"end":{"line":25,"column":30}},"11":{"start":{"line":26,"column":2},"end":{"line":26,"column":55}},"12":{"start":{"line":27,"column":15},"end":{"line":27,"column":39}},"13":{"start":{"line":29,"column":2},"end":{"line":29,"column":22}}},"fnMap":{"0":{"name":"(anonymous_0)","decl":{"start":{"line":7,"column":29},"end":{"line":7,"column":30}},"loc":{"start":{"line":7,"column":57},"end":{"line":30,"column":1}},"line":7},"1":{"name":"(anonymous_1)","decl":{"start":{"line":9,"column":12},"end":{"line":9,"column":13}},"loc":{"start":{"line":9,"column":23},"end":{"line":9,"column":28}},"line":9},"2":{"name":"(anonymous_2)","decl":{"start":{"line":10,"column":9},"end":{"line":10,"column":10}},"loc":{"start":{"line":10,"column":20},"end":{"line":10,"column":32}},"line":10}},"branchMap":{"0":{"loc":{"start":{"line":7,"column":30},"end":{"line":7,"column":43}},"type":"default-arg","locations":[{"start":{"line":7,"column":42},"end":{"line":7,"column":43}}],"line":7}},"s":{"0":1,"1":0,"2":0,"3":0,"4":0,"5":0,"6":0,"7":0,"8":0,"9":0,"10":0,"11":0,"12":0,"13":0},"f":{"0":0,"1":0,"2":0},"b":{"0":[0]},"_coverageSchema":"43e27e138ebf9cfc5966b082cf9a028302ed4184","hash":"5bfc4031421dc73b5ee5fcf9411be261d779285a"}
}
