TN:
SF:/home/umairnadeem/Documents/personal-projects/react-line-graph/src/components/_helpers/index.js
FNF:0
FNH:0
LF:0
LH:0
BRF:0
BRH:0
end_of_record
TN:
SF:/home/umairnadeem/Documents/personal-projects/react-line-graph/src/components/_helpers/stats.js
FN:1,(anonymous_0)
FN:2,(anonymous_1)
FN:4,(anonymous_2)
FN:10,(anonymous_3)
FN:12,(anonymous_4)
FNF:5
FNH:0
FNDA:0,(anonymous_0)
FNDA:0,(anonymous_1)
FNDA:0,(anonymous_2)
FNDA:0,(anonymous_3)
FNDA:0,(anonymous_4)
DA:1,1
DA:2,0
DA:3,0
DA:4,0
DA:7,0
DA:10,1
DA:13,0
DA:14,0
DA:15,0
LF:9
LH:2
BRDA:14,0,0,0
BRDA:14,0,1,0
BRF:2
BRH:0
end_of_record
TN:
SF:/home/umairnadeem/Documents/personal-projects/react-line-graph/src/components/_services/drawPath.js
FN:1,(anonymous_0)
FN:9,(anonymous_1)
FN:10,(anonymous_2)
FNF:3
FNH:3
FNDA:12,(anonymous_0)
FNDA:5,(anonymous_1)
FNDA:27,(anonymous_2)
DA:1,12
DA:9,5
DA:11,27
LF:3
LH:3
BRDA:9,0,0,0
BRDA:9,1,0,3
BRDA:11,2,0,22
BRDA:11,2,1,5
BRF:4
BRH:3
end_of_record
TN:
SF:/home/umairnadeem/Documents/personal-projects/react-line-graph/src/components/_services/findCtrlPoint.js
FN:7,(anonymous_0)
FN:9,(anonymous_1)
FN:10,(anonymous_2)
FNF:3
FNH:0
FNDA:0,(anonymous_0)
FNDA:0,(anonymous_1)
FNDA:0,(anonymous_2)
DA:7,1
DA:8,0
DA:9,0
DA:10,0
DA:13,0
DA:14,0
DA:15,0
DA:18,0
DA:21,0
DA:24,0
DA:25,0
DA:26,0
DA:28,0
LF:13
LH:1
BRDA:7,0,0,0
BRF:1
BRH:0
end_of_record
TN:
SF:/home/umairnadeem/Documents/personal-projects/react-line-graph/src/components/_transformations/smooth.js
FN:10,(anonymous_0)
FNF:1
FNH:0
FNDA:0,(anonymous_0)
DA:10,0
LF:1
LH:0
BRDA:10,0,0,0
BRF:1
BRH:0
end_of_record
