TN:
SF:/home/umairnadeem/Documents/personal-projects/react-line-graph/src/components/_services/drawPath.js
FN:1,(anonymous_0)
FN:9,(anonymous_1)
FN:10,(anonymous_2)
FNF:3
FNH:3
FNDA:12,(anonymous_0)
FNDA:5,(anonymous_1)
FNDA:27,(anonymous_2)
DA:1,12
DA:9,5
DA:11,27
LF:3
LH:3
BRDA:9,0,0,0
BRDA:9,1,0,3
BRDA:11,2,0,22
BRDA:11,2,1,5
BRF:4
BRH:3
end_of_record
TN:
SF:/home/umairnadeem/Documents/personal-projects/react-line-graph/src/components/_services/findCtrlPoint.js
FN:13,(anonymous_0)
FN:15,(anonymous_1)
FN:16,(anonymous_2)
FNF:3
FNH:0
FNDA:0,(anonymous_0)
FNDA:0,(anonymous_1)
FNDA:0,(anonymous_2)
DA:13,1
DA:14,0
DA:15,0
DA:16,0
DA:19,0
DA:20,0
DA:21,0
DA:24,0
DA:27,0
DA:30,0
DA:31,0
DA:32,0
DA:33,0
DA:35,0
LF:14
LH:1
BRDA:13,0,0,0
BRF:1
BRH:0
end_of_record
